115  INFO  c.d.driver.core.GuavaCompatibility: Detected Guava >= 19 in the classpath, using modern compatibility layer
205  INFO  c.datastax.driver.core.ClockFactory: Using native clock to generate timestamps.
241  INFO  i.n.util.internal.PlatformDependent: Your platform does not provide complete low-level API for accessing direct buffers reliably. Unless explicitly requested, heap buffer will always be preferred to avoid potential system unstability.
243  WARN  com.datastax.driver.core.NettyUtil: Found Netty's native epoll transport in the classpath, but epoll is not available. Using NIO instead.
java.lang.NoClassDefFoundError: Could not initialize class io.netty.util.internal.PlatformDependent0
	at io.netty.util.internal.PlatformDependent.getClassLoader(PlatformDependent.java:624)
	at io.netty.channel.epoll.Native.loadNativeLibrary(Native.java:269)
	at io.netty.channel.epoll.Native.<clinit>(Native.java:64)
	at io.netty.channel.epoll.Epoll.<clinit>(Epoll.java:33)
	at java.base/java.lang.Class.forName0(Native Method)
	at java.base/java.lang.Class.forName(Class.java:467)
	at java.base/java.lang.Class.forName(Class.java:458)
	at com.datastax.driver.core.NettyUtil.<clinit>(NettyUtil.java:68)
	at com.datastax.driver.core.NettyOptions.eventLoopGroup(NettyOptions.java:99)
	at com.datastax.driver.core.Connection$Factory.<init>(Connection.java:774)
	at com.datastax.driver.core.Cluster$Manager.init(Cluster.java:1446)
	at com.datastax.driver.core.Cluster.init(Cluster.java:159)
	at com.datastax.driver.core.Cluster.connectAsync(Cluster.java:330)
	at com.datastax.driver.core.Cluster.connect(Cluster.java:280)
	at cassdemo.backend.BackendSession.<init>(BackendSession.java:36)
	at cassdemo.Main.main(Main.java:27)
Caused by: java.lang.ExceptionInInitializerError: Exception java.lang.reflect.InaccessibleObjectException: Unable to make field long java.nio.Buffer.address accessible: module java.base does not "opens java.nio" to unnamed module @35d176f7 [in thread "main"]
	at java.base/java.lang.reflect.AccessibleObject.throwInaccessibleObjectException(AccessibleObject.java:353)
	at java.base/java.lang.reflect.AccessibleObject.checkCanSetAccessible(AccessibleObject.java:329)
	at java.base/java.lang.reflect.AccessibleObject.checkCanSetAccessible(AccessibleObject.java:277)
	at java.base/java.lang.reflect.Field.checkCanSetAccessible(Field.java:179)
	at java.base/java.lang.reflect.Field.setAccessible(Field.java:173)
	at io.netty.util.internal.PlatformDependent0$1.run(PlatformDependent0.java:67)
	at java.base/java.security.AccessController.doPrivileged(AccessController.java:74)
	at io.netty.util.internal.PlatformDependent0.<clinit>(PlatformDependent0.java:62)
	at io.netty.util.internal.PlatformDependent.getSystemClassLoader(PlatformDependent.java:638)
	at io.netty.util.internal.PlatformDependent.isAndroid0(PlatformDependent.java:655)
	at io.netty.util.internal.PlatformDependent.<clinit>(PlatformDependent.java:76)
	at io.netty.util.Signal.<clinit>(Signal.java:31)
	at io.netty.util.concurrent.DefaultPromise.<clinit>(DefaultPromise.java:43)
	at io.netty.util.concurrent.GlobalEventExecutor.<init>(GlobalEventExecutor.java:44)
	at io.netty.util.concurrent.GlobalEventExecutor.<clinit>(GlobalEventExecutor.java:41)
	at com.datastax.driver.core.Connection$Factory.<init>(Connection.java:752)
	... 6 common frames omitted
